SEVERE https://ixigo.bookairportcab.com/ixigoMice/js/form.js 239:33 Uncaught TypeError: Cannot read properties of null (reading 'addEventListener')
WARNING https://maps.googleapis.com/maps/api/js?v=3&key=AIzaSyDiyB1OBSrYIByNY8RlYONEgD_7vIJfDK4&libraries=places&v=weekly 1409:286 "Google Maps JavaScript API has been loaded directly without loading=async. This can result in suboptimal performance. For best-practice loading patterns please see https://goo.gle/js-api-loading"
SEVERE https://ixigo.bookairportcab.com/ixigoMice/img/fav.png - Failed to load resource: the server responded with a status of 404 (Not Found)
WARNING https://maps.googleapis.com/maps/api/js?v=3&key=AIzaSyDiyB1OBSrYIByNY8RlYONEgD_7vIJfDK4&libraries=places&v=weekly 75:81 "As of March 1st, 2025, google.maps.places.AutocompleteService is not available to new customers. Please use google.maps.places.AutocompleteSuggestion instead. At this time, google.maps.places.AutocompleteService is not scheduled to be discontinued, but google.maps.places.AutocompleteSuggestion is recommended over google.maps.places.AutocompleteService. While google.maps.places.AutocompleteService will continue to receive bug fixes for any major regressions, existing bugs in google.maps.places.AutocompleteService will not be addressed. At least 12 months notice will be given before support is discontinued. Please see https://developers.google.com/maps/legacy for additional details and https://developers.google.com/maps/documentation/javascript/places-migration-overview for the migration guide."
WARNING https://maps.googleapis.com/maps/api/js?v=3&key=AIzaSyDiyB1OBSrYIByNY8RlYONEgD_7vIJfDK4&libraries=places&v=weekly 820:374 "As of March 1st, 2025, google.maps.places.PlacesService is not available to new customers. Please use google.maps.places.Place instead. At this time, google.maps.places.PlacesService is not scheduled to be discontinued, but google.maps.places.Place is recommended over google.maps.places.PlacesService. While google.maps.places.PlacesService will continue to receive bug fixes for any major regressions, existing bugs in google.maps.places.PlacesService will not be addressed. At least 12 months notice will be given before support is discontinued. Please see https://developers.google.com/maps/legacy for additional details and https://developers.google.com/maps/documentation/javascript/places-migration-overview for the migration guide."
SEVERE https://ixigo.bookairportcab.com/ixigoMice/js/form.js 1078:8 Uncaught TypeError: Cannot read properties of undefined (reading 'preventDefault')
WARNING https://maps.googleapis.com/maps/api/js?key=AIzaSyBhOdIF3Y9382fqJYt5I_sswSrEw5eihAA 299:286 "Google Maps JavaScript API has been loaded directly without loading=async. This can result in suboptimal performance. For best-practice loading patterns please see https://goo.gle/js-api-loading"
SEVERE https://ixigo.bookairportcab.com/ixigoMice/js/helper.js 20:8 Uncaught TypeError: Cannot read properties of null (reading 'classList')
SEVERE https://ixigo.bookairportcab.com/ixigoMice/js/custom.js 0:0 Uncaught SyntaxError: Identifier 'storedFormData' has already been declared
WARNING https://maps.googleapis.com/maps/api/js?v=3&key=AIzaSyDiyB1OBSrYIByNY8RlYONEgD_7vIJfDK4&libraries=places&v=weekly 1315:176 "Element with name \"gmp-internal-google-attribution\" already defined."
WARNING https://maps.googleapis.com/maps/api/js?v=3&key=AIzaSyDiyB1OBSrYIByNY8RlYONEgD_7vIJfDK4&libraries=places&v=weekly 1315:176 "Element with name \"gmp-internal-dialog\" already defined."
WARNING https://maps.googleapis.com/maps/api/js?v=3&key=AIzaSyDiyB1OBSrYIByNY8RlYONEgD_7vIJfDK4&libraries=places&v=weekly 1315:176 "Element with name \"gmp-internal-basic-disclosure\" already defined."
WARNING https://maps.googleapis.com/maps/api/js?v=3&key=AIzaSyDiyB1OBSrYIByNY8RlYONEgD_7vIJfDK4&libraries=places&v=weekly 1315:176 "Element with name \"gmp-internal-basic-disclosure-section\" already defined."
WARNING https://maps.googleapis.com/maps/api/js?v=3&key=AIzaSyDiyB1OBSrYIByNY8RlYONEgD_7vIJfDK4&libraries=places&v=weekly 1315:176 "Element with name \"gmp-internal-attribution\" already defined."
WARNING https://maps.googleapis.com/maps/api/js?v=3&key=AIzaSyDiyB1OBSrYIByNY8RlYONEgD_7vIJfDK4&libraries=places&v=weekly 1315:176 "Element with name \"gmp-internal-element-support-verification\" already defined."
SEVERE https://maps.googleapis.com/maps/api/js?v=3&key=AIzaSyDiyB1OBSrYIByNY8RlYONEgD_7vIJfDK4&libraries=places&v=weekly 1417:326 "You have included the Google Maps JavaScript API multiple times on this page. This may cause unexpected errors."
WARNING https://maps.googleapis.com/maps/api/js?v=3&key=AIzaSyDiyB1OBSrYIByNY8RlYONEgD_7vIJfDK4&libraries=places&v=weekly 1409:286 "Google Maps JavaScript API has been loaded directly without loading=async. This can result in suboptimal performance. For best-practice loading patterns please see https://goo.gle/js-api-loading"
WARNING https://maps.googleapis.com/maps/api/js?v=3&key=AIzaSyDiyB1OBSrYIByNY8RlYONEgD_7vIJfDK4&libraries=places&v=weekly 1315:176 "Element with name \"gmp-map\" already defined."
SEVERE https://ixigo.bookairportcab.com/ixigoMice/cab_listing.html 465:17 Uncaught TypeError: Cannot read properties of null (reading 'classList')
SEVERE https://ixigo.bookairportcab.com/ixigoMice/cab_listing.html 465:17 Uncaught TypeError: Cannot read properties of null (reading 'classList')
SEVERE https://maps.googleapis.com/maps/api/js?v=3&key=AIzaSyDiyB1OBSrYIByNY8RlYONEgD_7vIJfDK4&libraries=places&v=weekly 1285:142 "Invalid latitude and longitude."
SEVERE https://ixigo.bookairportcab.com/ixigoMice/js/populate_data.js 210:0 Uncaught (in promise)
